<?xml version="1.0" encoding="UTF-8"?>
<testng-results total="1" passed="1" failed="0" skipped="0">
  <reporter-output>
  </reporter-output>
  <suite started-at="2023-08-02T04:59:47Z" name="Suite" finished-at="2023-08-02T05:00:22Z" duration-ms="35227">
    <groups>
    </groups>
    <test started-at="2023-08-02T04:59:47Z" name="Test" finished-at="2023-08-02T05:00:22Z" duration-ms="35227">
      <class name="logExampleTestNG.NOPCommApp">
        <test-method is-config="true" signature="launchApp()[pri:0, instance:logExampleTestNG.NOPCommApp@1d483de4]" started-at="2023-08-02T10:29:47Z" name="launchApp" finished-at="2023-08-02T10:29:57Z" duration-ms="10265" status="PASS">
          <reporter-output>
          </reporter-output>
        </test-method> <!-- launchApp -->
        <test-method signature="verifyLoginTest()[pri:0, instance:logExampleTestNG.NOPCommApp@1d483de4]" started-at="2023-08-02T10:29:57Z" name="verifyLoginTest" finished-at="2023-08-02T10:30:17Z" duration-ms="19826" status="PASS">
          <reporter-output>
          </reporter-output>
        </test-method> <!-- verifyLoginTest -->
        <test-method is-config="true" signature="closingApp()[pri:0, instance:logExampleTestNG.NOPCommApp@1d483de4]" started-at="2023-08-02T10:30:17Z" name="closingApp" finished-at="2023-08-02T10:30:22Z" duration-ms="5129" status="PASS">
          <reporter-output>
          </reporter-output>
        </test-method> <!-- closingApp -->
      </class> <!-- logExampleTestNG.NOPCommApp -->
    </test> <!-- Test -->
  </suite> <!-- Suite -->
</testng-results>
